<?xml version="1.0" encoding="UTF-8"?>
<testng-results ignored="0" total="1" passed="1" failed="0" skipped="0">
  <reporter-output>
  </reporter-output>
  <suite started-at="2025-04-20T18:08:19 IST" name="Default suite" finished-at="2025-04-20T18:08:24 IST" duration-ms="4928">
    <groups>
    </groups>
    <test started-at="2025-04-20T18:08:19 IST" name="Default test" finished-at="2025-04-20T18:08:24 IST" duration-ms="4928">
      <class name="testCases.TC001_AccountRegisterationTest">
        <test-method is-config="true" signature="setup()[pri:0, instance:testCases.TC001_AccountRegisterationTest@4bff1903]" started-at="2025-04-20T18:08:19 IST" name="setup" finished-at="2025-04-20T18:08:22 IST" duration-ms="2595" status="PASS">
          <reporter-output>
          </reporter-output>
        </test-method> <!-- setup -->
        <test-method signature="verify_account_registeration()[pri:0, instance:testCases.TC001_AccountRegisterationTest@4bff1903]" started-at="2025-04-20T18:08:22 IST" name="verify_account_registeration" finished-at="2025-04-20T18:08:24 IST" duration-ms="2121" status="PASS">
          <reporter-output>
          </reporter-output>
        </test-method> <!-- verify_account_registeration -->
        <test-method is-config="true" signature="teardown()[pri:0, instance:testCases.TC001_AccountRegisterationTest@4bff1903]" started-at="2025-04-20T18:08:24 IST" name="teardown" finished-at="2025-04-20T18:08:24 IST" duration-ms="175" status="PASS">
          <reporter-output>
          </reporter-output>
        </test-method> <!-- teardown -->
      </class> <!-- testCases.TC001_AccountRegisterationTest -->
    </test> <!-- Default test -->
  </suite> <!-- Default suite -->
</testng-results>
